This file contains any messages produced by compilers while
running configure, to aid debugging if configure makes a mistake.

It was created by SDL2_ttf configure 2.0.18, which was
generated by GNU Autoconf 2.69.  Invocation command line was

  $ ../configure --no-create --no-recursion

## --------- ##
## Platform. ##
## --------- ##

hostname = hslakamenskyi
uname -m = x86_64
uname -r = 5.13.0-27-generic
uname -s = Linux
uname -v = #29~20.04.1-Ubuntu SMP Fri Jan 14 00:32:30 UTC 2022

/usr/bin/uname -p = x86_64
/bin/uname -X     = unknown

/bin/arch              = x86_64
/usr/bin/arch -k       = unknown
/usr/convex/getsysinfo = unknown
/usr/bin/hostinfo      = unknown
/bin/machine           = unknown
/usr/bin/oslevel       = unknown
/bin/universe          = unknown

PATH: /usr/local/sbin
PATH: /usr/local/bin
PATH: /usr/sbin
PATH: /usr/bin
PATH: /sbin
PATH: /bin
PATH: /usr/games
PATH: /usr/local/games
PATH: /snap/bin


## ----------- ##
## Core tests. ##
## ----------- ##

configure:2794: checking build system type
configure:2808: result: x86_64-pc-linux-gnu
configure:2828: checking host system type
configure:2841: result: x86_64-pc-linux-gnu
configure:2912: checking for gcc
configure:2928: found /usr/bin/gcc
configure:2939: result: gcc
configure:3168: checking for C compiler version
configure:3177: gcc --version >&5
gcc (Ubuntu 9.3.0-17ubuntu1~20.04) 9.3.0
Copyright (C) 2019 Free Software Foundation, Inc.
This is free software; see the source for copying conditions.  There is NO
warranty; not even for MERCHANTABILITY or FITNESS FOR A PARTICULAR PURPOSE.

configure:3188: $? = 0
configure:3177: gcc -v >&5
Using built-in specs.
COLLECT_GCC=gcc
COLLECT_LTO_WRAPPER=/usr/lib/gcc/x86_64-linux-gnu/9/lto-wrapper
OFFLOAD_TARGET_NAMES=nvptx-none:hsa
OFFLOAD_TARGET_DEFAULT=1
Target: x86_64-linux-gnu
Configured with: ../src/configure -v --with-pkgversion='Ubuntu 9.3.0-17ubuntu1~20.04' --with-bugurl=file:///usr/share/doc/gcc-9/README.Bugs --enable-languages=c,ada,c++,go,brig,d,fortran,objc,obj-c++,gm2 --prefix=/usr --with-gcc-major-version-only --program-suffix=-9 --program-prefix=x86_64-linux-gnu- --enable-shared --enable-linker-build-id --libexecdir=/usr/lib --without-included-gettext --enable-threads=posix --libdir=/usr/lib --enable-nls --enable-clocale=gnu --enable-libstdcxx-debug --enable-libstdcxx-time=yes --with-default-libstdcxx-abi=new --enable-gnu-unique-object --disable-vtable-verify --enable-plugin --enable-default-pie --with-system-zlib --with-target-system-zlib=auto --enable-objc-gc=auto --enable-multiarch --disable-werror --with-arch-32=i686 --with-abi=m64 --with-multilib-list=m32,m64,mx32 --enable-multilib --with-tune=generic --enable-offload-targets=nvptx-none=/build/gcc-9-HskZEa/gcc-9-9.3.0/debian/tmp-nvptx/usr,hsa --without-cuda-driver --enable-checking=release --build=x86_64-linux-gnu --host=x86_64-linux-gnu --target=x86_64-linux-gnu
Thread model: posix
gcc version 9.3.0 (Ubuntu 9.3.0-17ubuntu1~20.04) 
configure:3188: $? = 0
configure:3177: gcc -V >&5
gcc: error: unrecognized command line option '-V'
gcc: fatal error: no input files
compilation terminated.
configure:3188: $? = 1
configure:3177: gcc -qversion >&5
gcc: error: unrecognized command line option '-qversion'; did you mean '--version'?
gcc: fatal error: no input files
compilation terminated.
configure:3188: $? = 1
configure:3208: checking whether the C compiler works
configure:3230: gcc    conftest.c  >&5
configure:3234: $? = 0
configure:3282: result: yes
configure:3285: checking for C compiler default output file name
configure:3287: result: a.out
configure:3293: checking for suffix of executables
configure:3300: gcc -o conftest    conftest.c  >&5
configure:3304: $? = 0
configure:3326: result: 
configure:3348: checking whether we are cross compiling
configure:3356: gcc -o conftest    conftest.c  >&5
configure:3360: $? = 0
configure:3367: ./conftest
configure:3371: $? = 0
configure:3359: result: no
configure:3364: checking for suffix of object files
configure:3386: gcc -c   conftest.c >&5
configure:3390: $? = 0
configure:3411: result: o
configure:3415: checking whether we are using the GNU C compiler
configure:3434: gcc -c   conftest.c >&5
configure:3434: $? = 0
configure:3443: result: yes
configure:3452: checking whether gcc accepts -g
configure:3472: gcc -c -g  conftest.c >&5
configure:3472: $? = 0
configure:3513: result: yes
configure:3530: checking for gcc option to accept ISO C89
configure:3593: gcc  -c -g -O2  conftest.c >&5
configure:3593: $? = 0
configure:3606: result: none needed
configure:3631: checking whether gcc understands -c and -o together
configure:3653: gcc -c conftest.c -o conftest2.o
configure:3656: $? = 0
configure:3653: gcc -c conftest.c -o conftest2.o
configure:3656: $? = 0
configure:3668: result: yes
configure:3685: checking for a sed that does not truncate output
configure:3749: result: /usr/bin/sed
configure:3767: checking for grep that handles long lines and -e
configure:3825: result: /usr/bin/grep
configure:3830: checking for egrep
configure:3892: result: /usr/bin/grep -E
configure:3897: checking for fgrep
configure:3959: result: /usr/bin/grep -F
configure:3994: checking for ld used by gcc
configure:4061: result: /usr/bin/ld
configure:4068: checking if the linker (/usr/bin/ld) is GNU ld
configure:4083: result: yes
configure:4095: checking for BSD- or MS-compatible name lister (nm)
configure:4144: result: /usr/bin/nm -B
configure:4262: checking the name lister (/usr/bin/nm -B) interface
configure:4300: gcc -c -g -O2  conftest.c >&5
configure:4303: /usr/bin/nm -B "conftest.o"
configure:4306: output
0000000000000000 B some_variable
configure:4276: result: BSD nm
configure:4279: checking whether ln -s works
configure:4283: result: yes
configure:4291: checking the maximum length of command line arguments
configure:4417: result: 1572864
configure:4434: checking whether the shell understands some XSI constructs
configure:4443: result: yes
configure:4447: checking whether the shell understands "+="
configure:4451: result: yes
configure:4486: checking for /usr/bin/ld option to reload object files
configure:4493: result: -r
configure:4562: checking for objdump
configure:4578: found /usr/bin/objdump
configure:4589: result: objdump
configure:4618: checking how to recognize dependent libraries
configure:4819: result: pass_all
configure:4879: checking for ar
configure:4895: found /usr/bin/ar
configure:4906: result: ar
configure:4984: checking for strip
configure:5000: found /usr/bin/strip
configure:5011: result: strip
configure:5083: checking for ranlib
configure:5099: found /usr/bin/ranlib
configure:5110: result: ranlib
configure:5200: checking command to parse /usr/bin/nm -B output from gcc object
configure:5318: gcc -c -g -O2  conftest.c >&5
configure:5321: $? = 0
configure:5325: /usr/bin/nm -B conftest.o \| sed -n -e 's/^.*[	 ]\([ABCDGIRSTW][ABCDGIRSTW]*\)[	 ][	 ]*\([_A-Za-z][_A-Za-z0-9]*\)$/\1 \2 \2/p' \> conftest.nm
configure:5328: $? = 0
configure:5382: gcc -o conftest -g -O2   conftest.c conftstm.o >&5
configure:5385: $? = 0
configure:5423: result: ok
configure:5519: gcc -c -g -O2  conftest.c >&5
configure:5522: $? = 0
configure:6230: checking how to run the C preprocessor
configure:6261: gcc -E  conftest.c
configure:6261: $? = 0
configure:6275: gcc -E  conftest.c
conftest.c:9:10: fatal error: ac_nonexistent.h: No such file or directory
    9 | #include <ac_nonexistent.h>
      |          ^~~~~~~~~~~~~~~~~~
compilation terminated.
configure:6275: $? = 1
configure: failed program was:
| /* confdefs.h */
| #define PACKAGE_NAME "SDL2_ttf"
| #define PACKAGE_TARNAME "SDL2_ttf"
| #define PACKAGE_VERSION "2.0.18"
| #define PACKAGE_STRING "SDL2_ttf 2.0.18"
| #define PACKAGE_BUGREPORT "https://github.com/libsdl-org/SDL_ttf/issues"
| #define PACKAGE_URL ""
| /* end confdefs.h.  */
| #include <ac_nonexistent.h>
configure:6300: result: gcc -E
configure:6320: gcc -E  conftest.c
configure:6320: $? = 0
configure:6334: gcc -E  conftest.c
conftest.c:9:10: fatal error: ac_nonexistent.h: No such file or directory
    9 | #include <ac_nonexistent.h>
      |          ^~~~~~~~~~~~~~~~~~
compilation terminated.
configure:6334: $? = 1
configure: failed program was:
| /* confdefs.h */
| #define PACKAGE_NAME "SDL2_ttf"
| #define PACKAGE_TARNAME "SDL2_ttf"
| #define PACKAGE_VERSION "2.0.18"
| #define PACKAGE_STRING "SDL2_ttf 2.0.18"
| #define PACKAGE_BUGREPORT "https://github.com/libsdl-org/SDL_ttf/issues"
| #define PACKAGE_URL ""
| /* end confdefs.h.  */
| #include <ac_nonexistent.h>
configure:6363: checking for ANSI C header files
configure:6383: gcc -c -g -O2  conftest.c >&5
configure:6383: $? = 0
configure:6456: gcc -o conftest -g -O2   conftest.c  >&5
configure:6456: $? = 0
configure:6456: ./conftest
configure:6456: $? = 0
configure:6467: result: yes
configure:6480: checking for sys/types.h
configure:6480: gcc -c -g -O2  conftest.c >&5
configure:6480: $? = 0
configure:6480: result: yes
configure:6480: checking for sys/stat.h
configure:6480: gcc -c -g -O2  conftest.c >&5
configure:6480: $? = 0
configure:6480: result: yes
configure:6480: checking for stdlib.h
configure:6480: gcc -c -g -O2  conftest.c >&5
configure:6480: $? = 0
configure:6480: result: yes
configure:6480: checking for string.h
configure:6480: gcc -c -g -O2  conftest.c >&5
configure:6480: $? = 0
configure:6480: result: yes
configure:6480: checking for memory.h
configure:6480: gcc -c -g -O2  conftest.c >&5
configure:6480: $? = 0
configure:6480: result: yes
configure:6480: checking for strings.h
configure:6480: gcc -c -g -O2  conftest.c >&5
configure:6480: $? = 0
configure:6480: result: yes
configure:6480: checking for inttypes.h
configure:6480: gcc -c -g -O2  conftest.c >&5
configure:6480: $? = 0
configure:6480: result: yes
configure:6480: checking for stdint.h
configure:6480: gcc -c -g -O2  conftest.c >&5
configure:6480: $? = 0
configure:6480: result: yes
configure:6480: checking for unistd.h
configure:6480: gcc -c -g -O2  conftest.c >&5
configure:6480: $? = 0
configure:6480: result: yes
configure:6494: checking for dlfcn.h
configure:6494: gcc -c -g -O2  conftest.c >&5
configure:6494: $? = 0
configure:6494: result: yes
configure:6976: checking for objdir
configure:6991: result: .libs
configure:7287: checking if gcc supports -fno-rtti -fno-exceptions
configure:7345: gcc -c -g -O2  -fno-rtti -fno-exceptions conftest.c >&5
cc1: warning: command line option '-fno-rtti' is valid for C++/D/ObjC++ but not for C
configure:7349: $? = 0
configure:7322: result: no
configure:7342: checking for gcc option to produce PIC
configure:7624: result: -fPIC -DPIC
configure:7636: checking if gcc PIC flag -fPIC -DPIC works
configure:7694: gcc -c -g -O2  -fPIC -DPIC -DPIC conftest.c >&5
configure:7698: $? = 0
configure:7671: result: yes
configure:7695: checking if gcc static flag -static works
configure:7723: result: yes
configure:7738: checking if gcc supports -c -o file.o
configure:7799: gcc -c -g -O2  -o out/conftest2.o conftest.c >&5
configure:7803: $? = 0
configure:7785: result: yes
configure:7793: checking if gcc supports -c -o file.o
configure:7840: result: yes
configure:7873: checking whether the gcc linker (/usr/bin/ld -m elf_x86_64) supports shared libraries
configure:8908: result: yes
configure:8945: checking whether -lc should be explicitly linked in
configure:8950: gcc -c -g -O2  conftest.c >&5
configure:8953: $? = 0
configure:8968: gcc -shared conftest.o  -v -Wl,-soname -Wl,conftest -o conftest 2\>\&1 \| /usr/bin/grep  -lc  \>/dev/null 2\>\&1
configure:8971: $? = 0
configure:8983: result: no
configure:9147: checking dynamic linker characteristics
configure:9582: gcc -o conftest -g -O2   -Wl,-rpath -Wl,/foo conftest.c  >&5
configure:9582: $? = 0
configure:9825: result: GNU/Linux ld.so
configure:9927: checking how to hardcode library paths into programs
configure:9952: result: immediate
configure:10472: checking whether stripping libraries is possible
configure:10477: result: yes
configure:10512: checking if libtool supports shared libraries
configure:10514: result: yes
configure:10517: checking whether to build shared libraries
configure:10538: result: yes
configure:10541: checking whether to build static libraries
configure:10545: result: yes
configure:7819: checking for a BSD-compatible install
configure:7887: result: /usr/bin/install -c
configure:7898: checking whether build environment is sane
configure:7953: result: yes
configure:8099: checking for a thread-safe mkdir -p
configure:8138: result: /usr/bin/mkdir -p
configure:8145: checking for gawk
configure:8175: result: no
configure:8145: checking for mawk
configure:8161: found /usr/bin/mawk
configure:8172: result: mawk
configure:8183: checking whether make sets $(MAKE)
configure:8205: result: yes
configure:8227: checking whether make supports the include directive
configure:8242: make -f confmf.GNU && cat confinc.out
make[1]: Entering directory '/home/akamenskyi/Dokumente/Files/Zeiterfassung_V2/data/SDL2_ttf-2.0.18/build'
make[1]: Leaving directory '/home/akamenskyi/Dokumente/Files/Zeiterfassung_V2/data/SDL2_ttf-2.0.18/build'
this is the am__doit target
configure:8245: $? = 0
configure:8264: result: yes (GNU style)
configure:8297: checking whether make supports nested variables
configure:8314: result: yes
configure:8403: checking whether UID '1087' is supported by ustar format
configure:8406: result: yes
configure:8413: checking whether GID '100' is supported by ustar format
configure:8416: result: yes
configure:8424: checking how to create a ustar tar archive
configure:8435: tar --version
tar (GNU tar) 1.30
Copyright (C) 2017 Free Software Foundation, Inc.
License GPLv3+: GNU GPL version 3 or later <https://gnu.org/licenses/gpl.html>.
This is free software: you are free to change and redistribute it.
There is NO WARRANTY, to the extent permitted by law.

Written by John Gilmore and Jay Fenlason.
configure:8438: $? = 0
configure:8478: tardir=conftest.dir && eval tar --format=ustar -cf - "$tardir" >conftest.tar
configure:8481: $? = 0
configure:8485: tar -xf - <conftest.tar
configure:8488: $? = 0
configure:8490: cat conftest.dir/file
GrepMe
configure:8493: $? = 0
configure:8506: result: gnutar
configure:8515: checking dependency style of gcc
configure:8626: result: gcc3
configure:8733: checking for gcc
configure:8760: result: gcc
configure:8989: checking for C compiler version
configure:8998: gcc --version >&5
gcc (Ubuntu 9.3.0-17ubuntu1~20.04) 9.3.0
Copyright (C) 2019 Free Software Foundation, Inc.
This is free software; see the source for copying conditions.  There is NO
warranty; not even for MERCHANTABILITY or FITNESS FOR A PARTICULAR PURPOSE.

configure:9009: $? = 0
configure:8998: gcc -v >&5
Using built-in specs.
COLLECT_GCC=gcc
COLLECT_LTO_WRAPPER=/usr/lib/gcc/x86_64-linux-gnu/9/lto-wrapper
OFFLOAD_TARGET_NAMES=nvptx-none:hsa
OFFLOAD_TARGET_DEFAULT=1
Target: x86_64-linux-gnu
Configured with: ../src/configure -v --with-pkgversion='Ubuntu 9.3.0-17ubuntu1~20.04' --with-bugurl=file:///usr/share/doc/gcc-9/README.Bugs --enable-languages=c,ada,c++,go,brig,d,fortran,objc,obj-c++,gm2 --prefix=/usr --with-gcc-major-version-only --program-suffix=-9 --program-prefix=x86_64-linux-gnu- --enable-shared --enable-linker-build-id --libexecdir=/usr/lib --without-included-gettext --enable-threads=posix --libdir=/usr/lib --enable-nls --enable-clocale=gnu --enable-libstdcxx-debug --enable-libstdcxx-time=yes --with-default-libstdcxx-abi=new --enable-gnu-unique-object --disable-vtable-verify --enable-plugin --enable-default-pie --with-system-zlib --with-target-system-zlib=auto --enable-objc-gc=auto --enable-multiarch --disable-werror --with-arch-32=i686 --with-abi=m64 --with-multilib-list=m32,m64,mx32 --enable-multilib --with-tune=generic --enable-offload-targets=nvptx-none=/build/gcc-9-HskZEa/gcc-9-9.3.0/debian/tmp-nvptx/usr,hsa --without-cuda-driver --enable-checking=release --build=x86_64-linux-gnu --host=x86_64-linux-gnu --target=x86_64-linux-gnu
Thread model: posix
gcc version 9.3.0 (Ubuntu 9.3.0-17ubuntu1~20.04) 
configure:9009: $? = 0
configure:8998: gcc -V >&5
gcc: error: unrecognized command line option '-V'
gcc: fatal error: no input files
compilation terminated.
configure:9009: $? = 1
configure:8998: gcc -qversion >&5
gcc: error: unrecognized command line option '-qversion'; did you mean '--version'?
gcc: fatal error: no input files
compilation terminated.
configure:9009: $? = 1
configure:9013: checking whether we are using the GNU C compiler
configure:9041: result: yes
configure:9050: checking whether gcc accepts -g
configure:9111: result: yes
configure:9128: checking for gcc option to accept ISO C89
configure:9204: result: none needed
configure:9229: checking whether gcc understands -c and -o together
configure:9266: result: yes
configure:9341: checking for g++
configure:9357: found /usr/bin/g++
configure:9368: result: g++
configure:9395: checking for C++ compiler version
configure:9404: g++ --version >&5
g++ (Ubuntu 9.3.0-17ubuntu1~20.04) 9.3.0
Copyright (C) 2019 Free Software Foundation, Inc.
This is free software; see the source for copying conditions.  There is NO
warranty; not even for MERCHANTABILITY or FITNESS FOR A PARTICULAR PURPOSE.

configure:9415: $? = 0
configure:9404: g++ -v >&5
Using built-in specs.
COLLECT_GCC=g++
COLLECT_LTO_WRAPPER=/usr/lib/gcc/x86_64-linux-gnu/9/lto-wrapper
OFFLOAD_TARGET_NAMES=nvptx-none:hsa
OFFLOAD_TARGET_DEFAULT=1
Target: x86_64-linux-gnu
Configured with: ../src/configure -v --with-pkgversion='Ubuntu 9.3.0-17ubuntu1~20.04' --with-bugurl=file:///usr/share/doc/gcc-9/README.Bugs --enable-languages=c,ada,c++,go,brig,d,fortran,objc,obj-c++,gm2 --prefix=/usr --with-gcc-major-version-only --program-suffix=-9 --program-prefix=x86_64-linux-gnu- --enable-shared --enable-linker-build-id --libexecdir=/usr/lib --without-included-gettext --enable-threads=posix --libdir=/usr/lib --enable-nls --enable-clocale=gnu --enable-libstdcxx-debug --enable-libstdcxx-time=yes --with-default-libstdcxx-abi=new --enable-gnu-unique-object --disable-vtable-verify --enable-plugin --enable-default-pie --with-system-zlib --with-target-system-zlib=auto --enable-objc-gc=auto --enable-multiarch --disable-werror --with-arch-32=i686 --with-abi=m64 --with-multilib-list=m32,m64,mx32 --enable-multilib --with-tune=generic --enable-offload-targets=nvptx-none=/build/gcc-9-HskZEa/gcc-9-9.3.0/debian/tmp-nvptx/usr,hsa --without-cuda-driver --enable-checking=release --build=x86_64-linux-gnu --host=x86_64-linux-gnu --target=x86_64-linux-gnu
Thread model: posix
gcc version 9.3.0 (Ubuntu 9.3.0-17ubuntu1~20.04) 
configure:9415: $? = 0
configure:9404: g++ -V >&5
g++: error: unrecognized command line option '-V'
g++: fatal error: no input files
compilation terminated.
configure:9415: $? = 1
configure:9404: g++ -qversion >&5
g++: error: unrecognized command line option '-qversion'; did you mean '--version'?
g++: fatal error: no input files
compilation terminated.
configure:9415: $? = 1
configure:9419: checking whether we are using the GNU C++ compiler
configure:9438: g++ -c   conftest.cpp >&5
configure:9438: $? = 0
configure:9447: result: yes
configure:9456: checking whether g++ accepts -g
configure:9476: g++ -c -g  conftest.cpp >&5
configure:9476: $? = 0
configure:9517: result: yes
configure:9653: checking for C++ compiler version
configure:9662: g++ --version >&5
g++ (Ubuntu 9.3.0-17ubuntu1~20.04) 9.3.0
Copyright (C) 2019 Free Software Foundation, Inc.
This is free software; see the source for copying conditions.  There is NO
warranty; not even for MERCHANTABILITY or FITNESS FOR A PARTICULAR PURPOSE.

configure:9673: $? = 0
configure:9662: g++ -v >&5
Using built-in specs.
COLLECT_GCC=g++
COLLECT_LTO_WRAPPER=/usr/lib/gcc/x86_64-linux-gnu/9/lto-wrapper
OFFLOAD_TARGET_NAMES=nvptx-none:hsa
OFFLOAD_TARGET_DEFAULT=1
Target: x86_64-linux-gnu
Configured with: ../src/configure -v --with-pkgversion='Ubuntu 9.3.0-17ubuntu1~20.04' --with-bugurl=file:///usr/share/doc/gcc-9/README.Bugs --enable-languages=c,ada,c++,go,brig,d,fortran,objc,obj-c++,gm2 --prefix=/usr --with-gcc-major-version-only --program-suffix=-9 --program-prefix=x86_64-linux-gnu- --enable-shared --enable-linker-build-id --libexecdir=/usr/lib --without-included-gettext --enable-threads=posix --libdir=/usr/lib --enable-nls --enable-clocale=gnu --enable-libstdcxx-debug --enable-libstdcxx-time=yes --with-default-libstdcxx-abi=new --enable-gnu-unique-object --disable-vtable-verify --enable-plugin --enable-default-pie --with-system-zlib --with-target-system-zlib=auto --enable-objc-gc=auto --enable-multiarch --disable-werror --with-arch-32=i686 --with-abi=m64 --with-multilib-list=m32,m64,mx32 --enable-multilib --with-tune=generic --enable-offload-targets=nvptx-none=/build/gcc-9-HskZEa/gcc-9-9.3.0/debian/tmp-nvptx/usr,hsa --without-cuda-driver --enable-checking=release --build=x86_64-linux-gnu --host=x86_64-linux-gnu --target=x86_64-linux-gnu
Thread model: posix
gcc version 9.3.0 (Ubuntu 9.3.0-17ubuntu1~20.04) 
configure:9673: $? = 0
configure:9662: g++ -V >&5
g++: error: unrecognized command line option '-V'
g++: fatal error: no input files
compilation terminated.
configure:9673: $? = 1
configure:9662: g++ -qversion >&5
g++: error: unrecognized command line option '-qversion'; did you mean '--version'?
g++: fatal error: no input files
compilation terminated.
configure:9673: $? = 1
configure:9677: checking whether we are using the GNU C++ compiler
configure:9705: result: yes
configure:9714: checking whether g++ accepts -g
configure:9775: result: yes
configure:9800: checking dependency style of g++
configure:9911: result: gcc3
configure:9934: checking how to run the C++ preprocessor
configure:9961: g++ -E  conftest.cpp
configure:9961: $? = 0
configure:9975: g++ -E  conftest.cpp
conftest.cpp:23:10: fatal error: ac_nonexistent.h: No such file or directory
   23 | #include <ac_nonexistent.h>
      |          ^~~~~~~~~~~~~~~~~~
compilation terminated.
configure:9975: $? = 1
configure: failed program was:
| /* confdefs.h */
| #define PACKAGE_NAME "SDL2_ttf"
| #define PACKAGE_TARNAME "SDL2_ttf"
| #define PACKAGE_VERSION "2.0.18"
| #define PACKAGE_STRING "SDL2_ttf 2.0.18"
| #define PACKAGE_BUGREPORT "https://github.com/libsdl-org/SDL_ttf/issues"
| #define PACKAGE_URL ""
| #define STDC_HEADERS 1
| #define HAVE_SYS_TYPES_H 1
| #define HAVE_SYS_STAT_H 1
| #define HAVE_STDLIB_H 1
| #define HAVE_STRING_H 1
| #define HAVE_MEMORY_H 1
| #define HAVE_STRINGS_H 1
| #define HAVE_INTTYPES_H 1
| #define HAVE_STDINT_H 1
| #define HAVE_UNISTD_H 1
| #define HAVE_DLFCN_H 1
| #define LT_OBJDIR ".libs/"
| #define PACKAGE "SDL2_ttf"
| #define VERSION "2.0.18"
| /* end confdefs.h.  */
| #include <ac_nonexistent.h>
configure:10000: result: g++ -E
configure:10020: g++ -E  conftest.cpp
configure:10020: $? = 0
configure:10034: g++ -E  conftest.cpp
conftest.cpp:23:10: fatal error: ac_nonexistent.h: No such file or directory
   23 | #include <ac_nonexistent.h>
      |          ^~~~~~~~~~~~~~~~~~
compilation terminated.
configure:10034: $? = 1
configure: failed program was:
| /* confdefs.h */
| #define PACKAGE_NAME "SDL2_ttf"
| #define PACKAGE_TARNAME "SDL2_ttf"
| #define PACKAGE_VERSION "2.0.18"
| #define PACKAGE_STRING "SDL2_ttf 2.0.18"
| #define PACKAGE_BUGREPORT "https://github.com/libsdl-org/SDL_ttf/issues"
| #define PACKAGE_URL ""
| #define STDC_HEADERS 1
| #define HAVE_SYS_TYPES_H 1
| #define HAVE_SYS_STAT_H 1
| #define HAVE_STDLIB_H 1
| #define HAVE_STRING_H 1
| #define HAVE_MEMORY_H 1
| #define HAVE_STRINGS_H 1
| #define HAVE_INTTYPES_H 1
| #define HAVE_STDINT_H 1
| #define HAVE_UNISTD_H 1
| #define HAVE_DLFCN_H 1
| #define LT_OBJDIR ".libs/"
| #define PACKAGE "SDL2_ttf"
| #define VERSION "2.0.18"
| /* end confdefs.h.  */
| #include <ac_nonexistent.h>
configure:10202: checking for ld used by g++
configure:10269: result: /usr/bin/ld -m elf_x86_64
configure:10276: checking if the linker (/usr/bin/ld -m elf_x86_64) is GNU ld
configure:10291: result: yes
configure:10346: checking whether the g++ linker (/usr/bin/ld -m elf_x86_64) supports shared libraries
configure:11287: result: yes
configure:11315: g++ -c -g -O2  conftest.cpp >&5
configure:11318: $? = 0
configure:11500: checking for g++ option to produce PIC
configure:11822: result: -fPIC -DPIC
configure:11831: checking if g++ PIC flag -fPIC -DPIC works
configure:14682: g++ -c -g -O2  -fPIC -DPIC -DPIC conftest.cpp >&5
configure:14686: $? = 0
configure:11866: result: yes
configure:11887: checking if g++ static flag -static works
configure:11915: result: yes
configure:11927: checking if g++ supports -c -o file.o
configure:14781: g++ -c -g -O2  -o out/conftest2.o conftest.cpp >&5
configure:14785: $? = 0
configure:11974: result: yes
configure:11979: checking if g++ supports -c -o file.o
configure:12026: result: yes
configure:12056: checking whether the g++ linker (/usr/bin/ld -m elf_x86_64) supports shared libraries
configure:12082: result: yes
configure:12219: checking dynamic linker characteristics
configure:12602: g++ -o conftest -g -O2   -Wl,-rpath -Wl,/foo conftest.cpp  >&5
configure:12602: $? = 0
configure:12845: result: GNU/Linux ld.so
configure:12896: checking how to hardcode library paths into programs
configure:12921: result: immediate
configure:11960: checking dependency style of g++
configure:12071: result: gcc3
configure:12087: checking whether make sets $(MAKE)
configure:12109: result: yes
configure:12127: checking for windres
configure:12157: result: no
configure:12127: checking for linux-gnu-windres
configure:12157: result: no
configure:12170: checking for size_t
configure:12170: gcc -c -g -O2  conftest.c >&5
configure:12170: $? = 0
configure:12170: gcc -c -g -O2  conftest.c >&5
conftest.c: In function 'main':
conftest.c:59:21: error: expected expression before ')' token
   59 | if (sizeof ((size_t)))
      |                     ^
configure:12170: $? = 1
configure: failed program was:
| /* confdefs.h */
| #define PACKAGE_NAME "SDL2_ttf"
| #define PACKAGE_TARNAME "SDL2_ttf"
| #define PACKAGE_VERSION "2.0.18"
| #define PACKAGE_STRING "SDL2_ttf 2.0.18"
| #define PACKAGE_BUGREPORT "https://github.com/libsdl-org/SDL_ttf/issues"
| #define PACKAGE_URL ""
| #define STDC_HEADERS 1
| #define HAVE_SYS_TYPES_H 1
| #define HAVE_SYS_STAT_H 1
| #define HAVE_STDLIB_H 1
| #define HAVE_STRING_H 1
| #define HAVE_MEMORY_H 1
| #define HAVE_STRINGS_H 1
| #define HAVE_INTTYPES_H 1
| #define HAVE_STDINT_H 1
| #define HAVE_UNISTD_H 1
| #define HAVE_DLFCN_H 1
| #define LT_OBJDIR ".libs/"
| #define PACKAGE "SDL2_ttf"
| #define VERSION "2.0.18"
| /* end confdefs.h.  */
| #include <stdio.h>
| #ifdef HAVE_SYS_TYPES_H
| # include <sys/types.h>
| #endif
| #ifdef HAVE_SYS_STAT_H
| # include <sys/stat.h>
| #endif
| #ifdef STDC_HEADERS
| # include <stdlib.h>
| # include <stddef.h>
| #else
| # ifdef HAVE_STDLIB_H
| #  include <stdlib.h>
| # endif
| #endif
| #ifdef HAVE_STRING_H
| # if !defined STDC_HEADERS && defined HAVE_MEMORY_H
| #  include <memory.h>
| # endif
| # include <string.h>
| #endif
| #ifdef HAVE_STRINGS_H
| # include <strings.h>
| #endif
| #ifdef HAVE_INTTYPES_H
| # include <inttypes.h>
| #endif
| #ifdef HAVE_STDINT_H
| # include <stdint.h>
| #endif
| #ifdef HAVE_UNISTD_H
| # include <unistd.h>
| #endif
| int
| main ()
| {
| if (sizeof ((size_t)))
| 	    return 0;
|   ;
|   return 0;
| }
configure:12170: result: yes
configure:12183: checking for working alloca.h
configure:12200: gcc -o conftest -g -O2   conftest.c  >&5
configure:12200: $? = 0
configure:12208: result: yes
configure:12216: checking for alloca
configure:12253: gcc -o conftest -g -O2   conftest.c  >&5
configure:12253: $? = 0
configure:12261: result: yes
configure:12464: checking for pkg-config
configure:12482: found /usr/bin/pkg-config
configure:12494: result: /usr/bin/pkg-config
configure:12519: checking pkg-config is at least version 0.9.0
configure:12522: result: yes
configure:12559: checking for sdl2 >= 2.0.12
configure:12566: $PKG_CONFIG --exists --print-errors "sdl2 >= $min_sdl_version"
configure:12569: $? = 0
configure:12583: $PKG_CONFIG --exists --print-errors "sdl2 >= $min_sdl_version"
configure:12586: $? = 0
configure:12624: result: yes
configure:13593: checking whether g++ supports C++11 features by default
configure:13887: g++ -c -g -O2  conftest.cpp >&5
configure:13887: $? = 0
configure:13894: result: yes
configure:14573: checking alignment of struct{char;}
configure:14578: gcc -o conftest -g -O2 -D_REENTRANT -I/usr/local/include/SDL2   conftest.c  -L/usr/local/lib -Wl,-rpath,/usr/local/lib -Wl,--enable-new-dtags -lSDL2 >&5
conftest.c:63:37: warning: declaration does not declare anything
   63 | typedef struct { char x; struct{char;} y; } ac__type_alignof_;
      |                                     ^
configure:14578: $? = 0
configure:14578: ./conftest
configure:14578: $? = 0
configure:14596: result: 1
configure:14768: checking for GCC -fvisibility=hidden option
configure:14797: gcc -c -g -O2 -D_REENTRANT -I/usr/local/include/SDL2 -fvisibility=hidden -Werror  conftest.c >&5
configure:14797: $? = 0
configure:14801: result: yes
configure:14833: checking for X
configure:14941: gcc -E  conftest.c
configure:14941: $? = 0
configure:14972: gcc -o conftest -g -O2 -D_REENTRANT -I/usr/local/include/SDL2 -fvisibility=hidden   conftest.c -lX11  -L/usr/local/lib -Wl,-rpath,/usr/local/lib -Wl,--enable-new-dtags -lSDL2 >&5
configure:14972: $? = 0
configure:15022: result: libraries , headers 
configure:15121: gcc -o conftest -g -O2 -D_REENTRANT -I/usr/local/include/SDL2 -fvisibility=hidden   conftest.c  -L/usr/local/lib -Wl,-rpath,/usr/local/lib -Wl,--enable-new-dtags -lSDL2  -lX11 >&5
configure:15121: $? = 0
configure:15219: checking for gethostbyname
configure:15219: gcc -o conftest -g -O2 -D_REENTRANT -I/usr/local/include/SDL2 -fvisibility=hidden   conftest.c  -L/usr/local/lib -Wl,-rpath,/usr/local/lib -Wl,--enable-new-dtags -lSDL2 >&5
configure:15219: $? = 0
configure:15219: result: yes
configure:15316: checking for connect
configure:15316: gcc -o conftest -g -O2 -D_REENTRANT -I/usr/local/include/SDL2 -fvisibility=hidden   conftest.c  -L/usr/local/lib -Wl,-rpath,/usr/local/lib -Wl,--enable-new-dtags -lSDL2 >&5
configure:15316: $? = 0
configure:15316: result: yes
configure:15365: checking for remove
configure:15365: gcc -o conftest -g -O2 -D_REENTRANT -I/usr/local/include/SDL2 -fvisibility=hidden   conftest.c  -L/usr/local/lib -Wl,-rpath,/usr/local/lib -Wl,--enable-new-dtags -lSDL2 >&5
configure:15365: $? = 0
configure:15365: result: yes
configure:15414: checking for shmat
configure:15414: gcc -o conftest -g -O2 -D_REENTRANT -I/usr/local/include/SDL2 -fvisibility=hidden   conftest.c  -L/usr/local/lib -Wl,-rpath,/usr/local/lib -Wl,--enable-new-dtags -lSDL2 >&5
configure:15414: $? = 0
configure:15414: result: yes
configure:15472: checking for IceConnectionNumber in -lICE
configure:15497: gcc -o conftest -g -O2 -D_REENTRANT -I/usr/local/include/SDL2 -fvisibility=hidden   conftest.c -lICE   -L/usr/local/lib -Wl,-rpath,/usr/local/lib -Wl,--enable-new-dtags -lSDL2 >&5
configure:15497: $? = 0
configure:15506: result: yes
configure:15524: checking for OpenGL support
configure:15544: gcc -o conftest -g -O2 -D_REENTRANT -I/usr/local/include/SDL2 -fvisibility=hidden    conftest.c  -L/usr/local/lib -Wl,-rpath,/usr/local/lib -Wl,--enable-new-dtags -lSDL2  -lGL >&5
configure:15544: $? = 0
configure:15549: result: yes
configure:15707: checking that generated files are newer than configure
configure:15713: result: done
configure:15760: creating ./config.status

## ---------------- ##
## Cache variables. ##
## ---------------- ##

ac_cv_alignof_struct_char__=1
ac_cv_build=x86_64-pc-linux-gnu
ac_cv_c_compiler_gnu=yes
ac_cv_cxx_compiler_gnu=yes
ac_cv_env_CCC_set=
ac_cv_env_CCC_value=
ac_cv_env_CC_set=
ac_cv_env_CC_value=
ac_cv_env_CFLAGS_set=
ac_cv_env_CFLAGS_value=
ac_cv_env_CPPFLAGS_set=
ac_cv_env_CPPFLAGS_value=
ac_cv_env_CPP_set=
ac_cv_env_CPP_value=
ac_cv_env_CXXCPP_set=
ac_cv_env_CXXCPP_value=
ac_cv_env_CXXFLAGS_set=
ac_cv_env_CXXFLAGS_value=
ac_cv_env_CXX_set=
ac_cv_env_CXX_value=
ac_cv_env_FT2_CFLAGS_set=
ac_cv_env_FT2_CFLAGS_value=
ac_cv_env_FT2_LIBS_set=
ac_cv_env_FT2_LIBS_value=
ac_cv_env_HB_CFLAGS_set=
ac_cv_env_HB_CFLAGS_value=
ac_cv_env_HB_LIBS_set=
ac_cv_env_HB_LIBS_value=
ac_cv_env_LDFLAGS_set=
ac_cv_env_LDFLAGS_value=
ac_cv_env_LIBS_set=
ac_cv_env_LIBS_value=
ac_cv_env_PKG_CONFIG_LIBDIR_set=
ac_cv_env_PKG_CONFIG_LIBDIR_value=
ac_cv_env_PKG_CONFIG_PATH_set=
ac_cv_env_PKG_CONFIG_PATH_value=
ac_cv_env_PKG_CONFIG_set=
ac_cv_env_PKG_CONFIG_value=
ac_cv_env_SDL_CFLAGS_set=
ac_cv_env_SDL_CFLAGS_value=
ac_cv_env_SDL_LIBS_set=
ac_cv_env_SDL_LIBS_value=
ac_cv_env_XMKMF_set=
ac_cv_env_XMKMF_value=
ac_cv_env_build_alias_set=
ac_cv_env_build_alias_value=
ac_cv_env_host_alias_set=
ac_cv_env_host_alias_value=
ac_cv_env_target_alias_set=
ac_cv_env_target_alias_value=
ac_cv_func_alloca_works=yes
ac_cv_func_connect=yes
ac_cv_func_gethostbyname=yes
ac_cv_func_remove=yes
ac_cv_func_shmat=yes
ac_cv_have_x='have_x=yes	ac_x_includes='\'''\''	ac_x_libraries='\'''\'''
ac_cv_header_dlfcn_h=yes
ac_cv_header_inttypes_h=yes
ac_cv_header_memory_h=yes
ac_cv_header_stdc=yes
ac_cv_header_stdint_h=yes
ac_cv_header_stdlib_h=yes
ac_cv_header_string_h=yes
ac_cv_header_strings_h=yes
ac_cv_header_sys_stat_h=yes
ac_cv_header_sys_types_h=yes
ac_cv_header_unistd_h=yes
ac_cv_host=x86_64-pc-linux-gnu
ac_cv_lib_ICE_IceConnectionNumber=yes
ac_cv_objext=o
ac_cv_path_EGREP='/usr/bin/grep -E'
ac_cv_path_FGREP='/usr/bin/grep -F'
ac_cv_path_GREP=/usr/bin/grep
ac_cv_path_SED=/usr/bin/sed
ac_cv_path_ac_pt_PKG_CONFIG=/usr/bin/pkg-config
ac_cv_path_install='/usr/bin/install -c'
ac_cv_path_mkdir=/usr/bin/mkdir
ac_cv_prog_AWK=mawk
ac_cv_prog_CPP='gcc -E'
ac_cv_prog_CXXCPP='g++ -E'
ac_cv_prog_ac_ct_AR=ar
ac_cv_prog_ac_ct_CC=gcc
ac_cv_prog_ac_ct_CXX=g++
ac_cv_prog_ac_ct_OBJDUMP=objdump
ac_cv_prog_ac_ct_RANLIB=ranlib
ac_cv_prog_ac_ct_STRIP=strip
ac_cv_prog_cc_c89=
ac_cv_prog_cc_g=yes
ac_cv_prog_cxx_g=yes
ac_cv_prog_make_make_set=yes
ac_cv_type_size_t=yes
ac_cv_working_alloca_h=yes
am_cv_CC_dependencies_compiler_type=gcc3
am_cv_CXX_dependencies_compiler_type=gcc3
am_cv_make_support_nested_variables=yes
am_cv_prog_cc_c_o=yes
am_cv_prog_tar_ustar=gnutar
ax_cv_cxx_compile_cxx11=yes
lt_cv_deplibs_check_method=pass_all
lt_cv_file_magic_cmd='$MAGIC_CMD'
lt_cv_file_magic_test_file=
lt_cv_ld_reload_flag=-r
lt_cv_nm_interface='BSD nm'
lt_cv_objdir=.libs
lt_cv_path_LD=/usr/bin/ld
lt_cv_path_LDCXX='/usr/bin/ld -m elf_x86_64'
lt_cv_path_NM='/usr/bin/nm -B'
lt_cv_prog_compiler_c_o=yes
lt_cv_prog_compiler_c_o_CXX=yes
lt_cv_prog_compiler_pic_works=yes
lt_cv_prog_compiler_pic_works_CXX=yes
lt_cv_prog_compiler_rtti_exceptions=no
lt_cv_prog_compiler_static_works=yes
lt_cv_prog_compiler_static_works_CXX=yes
lt_cv_prog_gnu_ld=yes
lt_cv_prog_gnu_ldcxx=yes
lt_cv_sys_global_symbol_pipe='sed -n -e '\''s/^.*[	 ]\([ABCDGIRSTW][ABCDGIRSTW]*\)[	 ][	 ]*\([_A-Za-z][_A-Za-z0-9]*\)$/\1 \2 \2/p'\'''
lt_cv_sys_global_symbol_to_c_name_address='sed -n -e '\''s/^: \([^ ]*\) $/  {\"\1\", (void *) 0},/p'\'' -e '\''s/^[ABCDGIRSTW]* \([^ ]*\) \([^ ]*\)$/  {"\2", (void *) \&\2},/p'\'''
lt_cv_sys_global_symbol_to_c_name_address_lib_prefix='sed -n -e '\''s/^: \([^ ]*\) $/  {\"\1\", (void *) 0},/p'\'' -e '\''s/^[ABCDGIRSTW]* \([^ ]*\) \(lib[^ ]*\)$/  {"\2", (void *) \&\2},/p'\'' -e '\''s/^[ABCDGIRSTW]* \([^ ]*\) \([^ ]*\)$/  {"lib\2", (void *) \&\2},/p'\'''
lt_cv_sys_global_symbol_to_cdecl='sed -n -e '\''s/^T .* \(.*\)$/extern int \1();/p'\'' -e '\''s/^[ABCDGIRSTW]* .* \(.*\)$/extern char \1;/p'\'''
lt_cv_sys_max_cmd_len=1572864
pkg_cv_SDL_CFLAGS='-D_REENTRANT -I/usr/local/include/SDL2'
pkg_cv_SDL_LIBS='-L/usr/local/lib -Wl,-rpath,/usr/local/lib -Wl,--enable-new-dtags -lSDL2'

## ----------------- ##
## Output variables. ##
## ----------------- ##

ACLOCAL='${SHELL} /home/akamenskyi/Dokumente/Files/Zeiterfassung_V2/data/SDL2_ttf-2.0.18/missing aclocal-1.16'
ALLOCA=''
AMDEPBACKSLASH='\'
AMDEP_FALSE='#'
AMDEP_TRUE=''
AMTAR='$${TAR-tar}'
AM_BACKSLASH='\'
AM_DEFAULT_V='$(AM_DEFAULT_VERBOSITY)'
AM_DEFAULT_VERBOSITY='1'
AM_V='$(V)'
AR='ar'
AS='as'
AUTOCONF='${SHELL} /home/akamenskyi/Dokumente/Files/Zeiterfassung_V2/data/SDL2_ttf-2.0.18/missing autoconf'
AUTOHEADER='${SHELL} /home/akamenskyi/Dokumente/Files/Zeiterfassung_V2/data/SDL2_ttf-2.0.18/missing autoheader'
AUTOMAKE='${SHELL} /home/akamenskyi/Dokumente/Files/Zeiterfassung_V2/data/SDL2_ttf-2.0.18/missing automake-1.16'
AWK='mawk'
BINARY_AGE='18'
CC='gcc'
CCDEPMODE='depmode=gcc3'
CFLAGS='-g -O2 -D_REENTRANT -I/usr/local/include/SDL2 -fvisibility=hidden  -DHAVE_OPENGL'
CPP='gcc -E'
CPPFLAGS=''
CXX='g++'
CXXCPP='g++ -E'
CXXDEPMODE='depmode=gcc3'
CXXFLAGS='-g -O2 -Wno-unused-result -fno-rtti -fno-exceptions -fno-threadsafe-statics -fvisibility=hidden'
CYGPATH_W='echo'
DEFS='-DPACKAGE_NAME=\"SDL2_ttf\" -DPACKAGE_TARNAME=\"SDL2_ttf\" -DPACKAGE_VERSION=\"2.0.18\" -DPACKAGE_STRING=\"SDL2_ttf\ 2.0.18\" -DPACKAGE_BUGREPORT=\"https://github.com/libsdl-org/SDL_ttf/issues\" -DPACKAGE_URL=\"\" -DSTDC_HEADERS=1 -DHAVE_SYS_TYPES_H=1 -DHAVE_SYS_STAT_H=1 -DHAVE_STDLIB_H=1 -DHAVE_STRING_H=1 -DHAVE_MEMORY_H=1 -DHAVE_STRINGS_H=1 -DHAVE_INTTYPES_H=1 -DHAVE_STDINT_H=1 -DHAVE_UNISTD_H=1 -DHAVE_DLFCN_H=1 -DLT_OBJDIR=\".libs/\" -DPACKAGE=\"SDL2_ttf\" -DVERSION=\"2.0.18\" -DHAVE_ALLOCA_H=1 -DHAVE_ALLOCA=1 -DTTF_USE_HARFBUZZ=1 -DHAVE_CXX11=1 -DALIGNOF_STRUCT_CHAR__=1'
DEPDIR='.deps'
DLLTOOL='dlltool'
DSYMUTIL=''
DUMPBIN=''
ECHO_C=''
ECHO_N='-n'
ECHO_T=''
EGREP='/usr/bin/grep -E'
EXEEXT=''
FGREP='/usr/bin/grep -F'
FT2_CFLAGS=''
FT2_CONFIG=''
FT2_LIBS=''
GL_LIBS=' -lGL'
GREP='/usr/bin/grep'
HAVE_CXX11='1'
HB_CFLAGS=''
HB_LIBS=''
INSTALL_DATA='${INSTALL} -m 644'
INSTALL_PROGRAM='${INSTALL}'
INSTALL_SCRIPT='${INSTALL}'
INSTALL_STRIP_PROGRAM='$(install_sh) -c -s'
INTERFACE_AGE='0'
LD='/usr/bin/ld -m elf_x86_64'
LDFLAGS=''
LIBOBJS=''
LIBS=' -L/usr/local/lib -Wl,-rpath,/usr/local/lib -Wl,--enable-new-dtags -lSDL2'
LIBTOOL='$(SHELL) $(top_builddir)/libtool'
LIPO=''
LN_S='ln -s'
LTLIBOBJS=''
LT_AGE='18'
LT_CURRENT='18'
LT_EXTRA=''
LT_RELEASE='2.0'
LT_REVISION='0'
MAJOR_VERSION='2'
MAKEINFO='${SHELL} /home/akamenskyi/Dokumente/Files/Zeiterfassung_V2/data/SDL2_ttf-2.0.18/missing makeinfo'
MATHLIB='-lm'
MICRO_VERSION='18'
MINOR_VERSION='0'
MKDIR_P='/usr/bin/mkdir -p'
NM='/usr/bin/nm -B'
NMEDIT=''
OBJDUMP='objdump'
OBJEXT='o'
OS_WIN32_FALSE=''
OS_WIN32_TRUE='#'
OTOOL64=''
OTOOL=''
PACKAGE='SDL2_ttf'
PACKAGE_BUGREPORT='https://github.com/libsdl-org/SDL_ttf/issues'
PACKAGE_NAME='SDL2_ttf'
PACKAGE_STRING='SDL2_ttf 2.0.18'
PACKAGE_TARNAME='SDL2_ttf'
PACKAGE_URL=''
PACKAGE_VERSION='2.0.18'
PATH_SEPARATOR=':'
PKG_CONFIG='/usr/bin/pkg-config'
PKG_CONFIG_LIBDIR=''
PKG_CONFIG_PATH=''
RANLIB='ranlib'
SDL2_CONFIG='pkg-config sdl2'
SDL_CFLAGS='-D_REENTRANT -I/usr/local/include/SDL2'
SDL_LIBS='-L/usr/local/lib -Wl,-rpath,/usr/local/lib -Wl,--enable-new-dtags -lSDL2'
SDL_VERSION='2.0.12'
SED='/usr/bin/sed'
SET_MAKE=''
SHELL='/bin/bash'
STRIP='strip'
TTF_CFLAGS=''
TTF_LIBS=''
USE_BUILTIN_FREETYPE_FALSE='#'
USE_BUILTIN_FREETYPE_TRUE=''
USE_BUILTIN_HARFBUZZ_FALSE='#'
USE_BUILTIN_HARFBUZZ_TRUE=''
USE_VERSION_RC_FALSE=''
USE_VERSION_RC_TRUE='#'
VERSION='2.0.18'
WINDRES=''
XMKMF=''
X_CFLAGS=''
X_EXTRA_LIBS=''
X_LIBS=''
X_PRE_LIBS=' -lSM -lICE'
ac_ct_CC='gcc'
ac_ct_CXX='g++'
ac_ct_DUMPBIN=''
am__EXEEXT_FALSE=''
am__EXEEXT_TRUE='#'
am__fastdepCC_FALSE='#'
am__fastdepCC_TRUE=''
am__fastdepCXX_FALSE='#'
am__fastdepCXX_TRUE=''
am__include='include'
am__isrc=' -I$(srcdir)'
am__leading_dot='.'
am__nodep='_no'
am__quote=''
am__tar='tar --format=ustar -cf - "$$tardir"'
am__untar='tar -xf -'
bindir='${exec_prefix}/bin'
build='x86_64-pc-linux-gnu'
build_alias=''
build_cpu='x86_64'
build_os='linux-gnu'
build_vendor='pc'
datadir='${datarootdir}'
datarootdir='${prefix}/share'
docdir='${datarootdir}/doc/${PACKAGE_TARNAME}'
dvidir='${docdir}'
exec_prefix='${prefix}'
host='x86_64-pc-linux-gnu'
host_alias=''
host_cpu='x86_64'
host_os='linux-gnu'
host_vendor='pc'
htmldir='${docdir}'
includedir='${prefix}/include'
infodir='${datarootdir}/info'
install_sh='${SHELL} /home/akamenskyi/Dokumente/Files/Zeiterfassung_V2/data/SDL2_ttf-2.0.18/install-sh'
libdir='${exec_prefix}/lib'
libexecdir='${exec_prefix}/libexec'
localedir='${datarootdir}/locale'
localstatedir='${prefix}/var'
lt_ECHO='echo'
mandir='${datarootdir}/man'
mkdir_p='$(MKDIR_P)'
oldincludedir='/usr/include'
pdfdir='${docdir}'
prefix='/usr/local'
program_transform_name='s,x,x,'
psdir='${docdir}'
runstatedir='${localstatedir}/run'
sbindir='${exec_prefix}/sbin'
sharedstatedir='${prefix}/com'
sysconfdir='${prefix}/etc'
target_alias=''

## ----------- ##
## confdefs.h. ##
## ----------- ##

/* confdefs.h */
#define PACKAGE_NAME "SDL2_ttf"
#define PACKAGE_TARNAME "SDL2_ttf"
#define PACKAGE_VERSION "2.0.18"
#define PACKAGE_STRING "SDL2_ttf 2.0.18"
#define PACKAGE_BUGREPORT "https://github.com/libsdl-org/SDL_ttf/issues"
#define PACKAGE_URL ""
#define STDC_HEADERS 1
#define HAVE_SYS_TYPES_H 1
#define HAVE_SYS_STAT_H 1
#define HAVE_STDLIB_H 1
#define HAVE_STRING_H 1
#define HAVE_MEMORY_H 1
#define HAVE_STRINGS_H 1
#define HAVE_INTTYPES_H 1
#define HAVE_STDINT_H 1
#define HAVE_UNISTD_H 1
#define HAVE_DLFCN_H 1
#define LT_OBJDIR ".libs/"
#define PACKAGE "SDL2_ttf"
#define VERSION "2.0.18"
#define HAVE_ALLOCA_H 1
#define HAVE_ALLOCA 1
#define TTF_USE_HARFBUZZ 1
#define HAVE_CXX11 1
#define ALIGNOF_STRUCT_CHAR__ 1

configure: exit 0

## ---------------------- ##
## Running config.status. ##
## ---------------------- ##

This file was extended by SDL2_ttf config.status 2.0.18, which was
generated by GNU Autoconf 2.69.  Invocation command line was

  CONFIG_FILES    = 
  CONFIG_HEADERS  = 
  CONFIG_LINKS    = 
  CONFIG_COMMANDS = 
  $ ./config.status 

on hslakamenskyi

config.status:1096: creating Makefile
config.status:1096: creating SDL2_ttf.spec
config.status:1096: creating SDL2_ttf.pc
config.status:1253: executing libtool commands
config.status:1253: executing depfiles commands
config.status:2138: cd .       && sed -e '/# am--include-marker/d' Makefile         | make -f - am--depfiles
make[1]: Entering directory '/home/akamenskyi/Dokumente/Files/Zeiterfassung_V2/data/SDL2_ttf-2.0.18/build'
make[1]: Nothing to be done for 'am--depfiles'.
make[1]: Leaving directory '/home/akamenskyi/Dokumente/Files/Zeiterfassung_V2/data/SDL2_ttf-2.0.18/build'
config.status:2143: $? = 0
config.status:1253: executing summary commands
